<?xml version="1.0" encoding="UTF-8"?>
<testsuite name="ru.netology.web.CallBackNegativeTest" tests="5" skipped="0" failures="0" errors="0" timestamp="2024-02-23T07:05:45" hostname="WIN-DL9MC1NSRMP" time="38.155">
  <properties/>
  <testcase name="shouldBeFailedEmptyPhoneInput()" classname="ru.netology.web.CallBackNegativeTest" time="16.45"/>
  <testcase name="shouldBeFailedIncorrectPhoneInput()" classname="ru.netology.web.CallBackNegativeTest" time="6.825"/>
  <testcase name="shouldBeFailedEmptyNameInput()" classname="ru.netology.web.CallBackNegativeTest" time="4.977"/>
  <testcase name="shouldBeFailedUncheckedCheckbox()" classname="ru.netology.web.CallBackNegativeTest" time="4.779"/>
  <testcase name="shouldBeFailedIncorrectNameInput()" classname="ru.netology.web.CallBackNegativeTest" time="5.097"/>
  <system-out><![CDATA[]]></system-out>
  <system-err><![CDATA[SLF4J: No SLF4J providers were found.
SLF4J: Defaulting to no-operation (NOP) logger implementation
SLF4J: See https://www.slf4j.org/codes.html#noProviders for further details.
февр. 23, 2024 12:05:56 PM org.openqa.selenium.devtools.CdpVersionFinder findNearestMatch
WARNING: Unable to find CDP implementation matching 121
февр. 23, 2024 12:05:56 PM org.openqa.selenium.chromium.ChromiumDriver lambda$new$5
WARNING: Unable to find version of CDP to use for 121.0.6167.185. You may need to include a dependency on a specific version of the CDP using something similar to `org.seleniumhq.selenium:selenium-devtools-v86:4.11.0` where the version ("v86") matches the version of the chromium-based browser you're using and the version number of the artifact is the same as Selenium's.
февр. 23, 2024 12:06:05 PM org.openqa.selenium.devtools.CdpVersionFinder findNearestMatch
WARNING: Unable to find CDP implementation matching 121
февр. 23, 2024 12:06:05 PM org.openqa.selenium.chromium.ChromiumDriver lambda$new$5
WARNING: Unable to find version of CDP to use for 121.0.6167.185. You may need to include a dependency on a specific version of the CDP using something similar to `org.seleniumhq.selenium:selenium-devtools-v86:4.11.0` where the version ("v86") matches the version of the chromium-based browser you're using and the version number of the artifact is the same as Selenium's.
февр. 23, 2024 12:06:11 PM org.openqa.selenium.devtools.CdpVersionFinder findNearestMatch
WARNING: Unable to find CDP implementation matching 121
февр. 23, 2024 12:06:11 PM org.openqa.selenium.chromium.ChromiumDriver lambda$new$5
WARNING: Unable to find version of CDP to use for 121.0.6167.185. You may need to include a dependency on a specific version of the CDP using something similar to `org.seleniumhq.selenium:selenium-devtools-v86:4.11.0` where the version ("v86") matches the version of the chromium-based browser you're using and the version number of the artifact is the same as Selenium's.
февр. 23, 2024 12:06:16 PM org.openqa.selenium.devtools.CdpVersionFinder findNearestMatch
WARNING: Unable to find CDP implementation matching 121
февр. 23, 2024 12:06:16 PM org.openqa.selenium.chromium.ChromiumDriver lambda$new$5
WARNING: Unable to find version of CDP to use for 121.0.6167.185. You may need to include a dependency on a specific version of the CDP using something similar to `org.seleniumhq.selenium:selenium-devtools-v86:4.11.0` where the version ("v86") matches the version of the chromium-based browser you're using and the version number of the artifact is the same as Selenium's.
февр. 23, 2024 12:06:21 PM org.openqa.selenium.devtools.CdpVersionFinder findNearestMatch
WARNING: Unable to find CDP implementation matching 121
февр. 23, 2024 12:06:21 PM org.openqa.selenium.chromium.ChromiumDriver lambda$new$5
WARNING: Unable to find version of CDP to use for 121.0.6167.185. You may need to include a dependency on a specific version of the CDP using something similar to `org.seleniumhq.selenium:selenium-devtools-v86:4.11.0` where the version ("v86") matches the version of the chromium-based browser you're using and the version number of the artifact is the same as Selenium's.
]]></system-err>
</testsuite>
