<?xml version="1.0" encoding="UTF-8"?>
<testsuite name="ru.netology.web.CallBackNegativeTest" tests="5" skipped="0" failures="0" errors="0" timestamp="2024-02-23T07:17:20" hostname="WIN-DL9MC1NSRMP" time="45.304">
  <properties/>
  <testcase name="shouldBeFailedEmptyPhoneInput()" classname="ru.netology.web.CallBackNegativeTest" time="13.704"/>
  <testcase name="shouldBeFailedIncorrectPhoneInput()" classname="ru.netology.web.CallBackNegativeTest" time="7.145"/>
  <testcase name="shouldBeFailedEmptyNameInput()" classname="ru.netology.web.CallBackNegativeTest" time="8.158"/>
  <testcase name="shouldBeFailedUncheckedCheckbox()" classname="ru.netology.web.CallBackNegativeTest" time="7.586"/>
  <testcase name="shouldBeFailedIncorrectNameInput()" classname="ru.netology.web.CallBackNegativeTest" time="8.683"/>
  <system-out><![CDATA[]]></system-out>
  <system-err><![CDATA[SLF4J: No SLF4J providers were found.
SLF4J: Defaulting to no-operation (NOP) logger implementation
SLF4J: See https://www.slf4j.org/codes.html#noProviders for further details.
]]></system-err>
</testsuite>
